<?xml version="1.0" encoding="UTF-8"?>
<!-- Generated by org.testng.reporters.JUnitReportReporter -->
<testsuite hostname="DESKTOP-QAFREE4" failures="0" tests="4" name="MyTestCases" time="6.301" errors="0" timestamp="2024-09-26T23:58:33 EET" skipped="0">
  <testcase classname="MyTestCases" name="languageOfTheWebsite" time="3.069"/>
  <system-out/>
  <testcase classname="MyTestCases" name="randomCity" time="0.710"/>
  <system-out/>
  <testcase classname="MyTestCases" name="departureDateAndReturnDate" time="1.229"/>
  <system-out/>
  <testcase classname="MyTestCases" name="changeTheClass" time="1.293"/>
  <system-out/>
</testsuite> <!-- MyTestCases -->
